<?xml version="1.0" encoding="UTF-8"?>
<!-- Generated by org.testng.reporters.JUnitReportReporter -->
<testsuite hostname="DESKTOP-Q0UG114" failures="0" tests="9" name="tests.ContactsPageTest" time="227.397" errors="0" timestamp="23 Sep. 2022 20:40:29 GMT" skipped="0">
  <testcase classname="tests.ContactsPageTest" name="contactsPageTitleTest" time="15.106"/>
  <testcase classname="tests.ContactsPageTest" name="contactsPageLogoTest" time="15.219"/>
  <testcase classname="tests.ContactsPageTest" name="addContactButtonTest" time="26.364"/>
  <testcase classname="tests.ContactsPageTest" name="createNewContactTest" time="30.674"/>
  <testcase classname="tests.ContactsPageTest" name="createNewContactTest" time="29.844"/>
  <testcase classname="tests.ContactsPageTest" name="createNewContactTest" time="30.468"/>
  <testcase classname="tests.ContactsPageTest" name="createNewContactTest" time="29.739"/>
  <testcase classname="tests.ContactsPageTest" name="deleteContactTest" time="25.111"/>
  <testcase classname="tests.ContactsPageTest" name="deleteAllContactTest" time="24.872"/>
</testsuite> <!-- tests.ContactsPageTest -->
