<?xml version="1.0" encoding="UTF-8"?>
<!-- Generated by org.testng.reporters.JUnitReportReporter -->
<testsuite hostname="DESKTOP-Q0UG114" failures="0" tests="3" name="tests.HomePageTest" time="44.271" errors="0" timestamp="23 Sep. 2022 20:28:17 GMT" skipped="0">
  <testcase classname="tests.HomePageTest" name="homePageTitleTest" time="14.029"/>
  <testcase classname="tests.HomePageTest" name="uTestLogoTest" time="14.160"/>
  <testcase classname="tests.HomePageTest" name="clickOnCOntacsLinkTest" time="16.082"/>
</testsuite> <!-- tests.HomePageTest -->
