<?xml version="1.0" encoding="UTF-8"?>
<!-- Generated by org.testng.reporters.JUnitReportReporter -->
<testsuite hostname="DESKTOP-Q0UG114" failures="0" tests="3" name="tests.LoginPageTest" time="33.332" errors="0" timestamp="23 Sep. 2022 20:28:17 GMT" skipped="0">
  <testcase classname="tests.LoginPageTest" name="loginPageTitleTest" time="9.407"/>
  <testcase classname="tests.LoginPageTest" name="uTestLogoTest" time="10.971"/>
  <testcase classname="tests.LoginPageTest" name="loginTest" time="12.954"/>
</testsuite> <!-- tests.LoginPageTest -->
