<?xml version="1.0" encoding="UTF-8"?>
<!-- Generated by org.testng.reporters.JUnitReportReporter -->
<testsuite hostname="DESKTOP-Q0UG114" failures="0" tests="3" name="tests.LoginPageTest" time="40.279" errors="0" timestamp="15 Oct. 2022 14:15:37 GMT" skipped="0">
  <testcase classname="tests.LoginPageTest" name="loginPageTitleTest" time="11.584"/>
  <testcase classname="tests.LoginPageTest" name="uTestLogoTest" time="11.951"/>
  <testcase classname="tests.LoginPageTest" name="loginTest" time="16.744"/>
</testsuite> <!-- tests.LoginPageTest -->
