<?xml version="1.0" encoding="UTF-8"?>
<!-- Generated by org.testng.reporters.JUnitReportReporter -->
<testsuite hostname="DESKTOP-Q0UG114" failures="0" tests="8" name="tests.CompanyPageTest" time="223.292" errors="0" timestamp="15 Oct. 2022 14:15:37 GMT" skipped="0">
  <testcase classname="tests.CompanyPageTest" name="CompanyPageTitleTest" time="16.856"/>
  <testcase classname="tests.CompanyPageTest" name="CompanyPageLogoTest" time="17.232"/>
  <testcase classname="tests.CompanyPageTest" name="addCompanyButtonTest" time="29.420"/>
  <testcase classname="tests.CompanyPageTest" name="createNewCompanyTest" time="27.364"/>
  <testcase classname="tests.CompanyPageTest" name="createNewCompanyTest" time="37.745"/>
  <testcase classname="tests.CompanyPageTest" name="createNewCompanyTest" time="30.090"/>
  <testcase classname="tests.CompanyPageTest" name="deleteCompanyTest" time="35.837"/>
  <testcase classname="tests.CompanyPageTest" name="deleteAllCompanyTest" time="28.748"/>
</testsuite> <!-- tests.CompanyPageTest -->
