<?xml version="1.0" encoding="UTF-8"?>
<!-- Generated by org.testng.reporters.JUnitReportReporter -->
<testsuite hostname="DESKTOP-Q0UG114" failures="0" tests="9" name="tests.ContactsPageTest" time="456.830" errors="0" timestamp="15 Oct. 2022 14:15:37 GMT" skipped="0">
  <testcase classname="tests.ContactsPageTest" name="contactsPageTitleTest" time="16.795"/>
  <testcase classname="tests.ContactsPageTest" name="contactsPageLogoTest" time="18.312"/>
  <testcase classname="tests.ContactsPageTest" name="addContactButtonTest" time="238.811"/>
  <testcase classname="tests.ContactsPageTest" name="createNewContactTest" time="33.578"/>
  <testcase classname="tests.ContactsPageTest" name="createNewContactTest" time="33.770"/>
  <testcase classname="tests.ContactsPageTest" name="createNewContactTest" time="33.770"/>
  <testcase classname="tests.ContactsPageTest" name="createNewContactTest" time="26.520"/>
  <testcase classname="tests.ContactsPageTest" name="deleteContactTest" time="27.608"/>
  <testcase classname="tests.ContactsPageTest" name="deleteAllContactTest" time="27.666"/>
</testsuite> <!-- tests.ContactsPageTest -->
