<?xml version="1.0" encoding="UTF-8"?>
<!-- Generated by org.testng.reporters.JUnitReportReporter -->
<testsuite hostname="DESKTOP-Q0UG114" failures="0" tests="3" name="tests.HomePageTest" time="47.930" errors="0" timestamp="15 Oct. 2022 14:15:37 GMT" skipped="0">
  <testcase classname="tests.HomePageTest" name="homePageTitleTest" time="14.940"/>
  <testcase classname="tests.HomePageTest" name="uTestLogoTest" time="15.181"/>
  <testcase classname="tests.HomePageTest" name="clickOnCOntacsLinkTest" time="17.809"/>
</testsuite> <!-- tests.HomePageTest -->
